mode: atomic
bitbucket.org/abdullah_irfan/gatesentryf/webserver/api.go:15.24,19.2 1 0
bitbucket.org/abdullah_irfan/gatesentryf/webserver/api.go:21.103,22.41 1 0
bitbucket.org/abdullah_irfan/gatesentryf/webserver/api.go:23.23,24.60 1 0
bitbucket.org/abdullah_irfan/gatesentryf/webserver/api.go:25.26,26.31 1 0
bitbucket.org/abdullah_irfan/gatesentryf/webserver/api.go:26.31,28.4 1 0
bitbucket.org/abdullah_irfan/gatesentryf/webserver/api.go:28.9,29.56 1 0
bitbucket.org/abdullah_irfan/gatesentryf/webserver/api.go:31.10,32.51 1 0
bitbucket.org/abdullah_irfan/gatesentryf/webserver/api.go:36.104,37.41 1 0
bitbucket.org/abdullah_irfan/gatesentryf/webserver/api.go:38.23,39.61 1 0
bitbucket.org/abdullah_irfan/gatesentryf/webserver/api.go:40.26,41.31 1 0
bitbucket.org/abdullah_irfan/gatesentryf/webserver/api.go:41.31,43.4 1 0
bitbucket.org/abdullah_irfan/gatesentryf/webserver/api.go:43.9,44.56 1 0
bitbucket.org/abdullah_irfan/gatesentryf/webserver/api.go:46.10,47.52 1 0
bitbucket.org/abdullah_irfan/gatesentryf/webserver/api.go:51.103,52.41 1 0
bitbucket.org/abdullah_irfan/gatesentryf/webserver/api.go:53.23,54.60 1 0
bitbucket.org/abdullah_irfan/gatesentryf/webserver/api.go:55.26,56.31 1 0
bitbucket.org/abdullah_irfan/gatesentryf/webserver/api.go:56.31,58.4 1 0
bitbucket.org/abdullah_irfan/gatesentryf/webserver/api.go:58.9,59.56 1 0
bitbucket.org/abdullah_irfan/gatesentryf/webserver/api.go:61.10,62.51 1 0
bitbucket.org/abdullah_irfan/gatesentryf/webserver/api.go:66.106,67.41 1 0
bitbucket.org/abdullah_irfan/gatesentryf/webserver/api.go:68.23,69.63 1 0
bitbucket.org/abdullah_irfan/gatesentryf/webserver/api.go:70.26,71.31 1 0
bitbucket.org/abdullah_irfan/gatesentryf/webserver/api.go:71.31,73.4 1 0
bitbucket.org/abdullah_irfan/gatesentryf/webserver/api.go:73.9,74.56 1 0
bitbucket.org/abdullah_irfan/gatesentryf/webserver/api.go:76.10,77.54 1 0
bitbucket.org/abdullah_irfan/gatesentryf/webserver/api.go:81.51,83.2 1 0
bitbucket.org/abdullah_irfan/gatesentryf/webserver/utils.go:9.61,13.42 4 1
bitbucket.org/abdullah_irfan/gatesentryf/webserver/utils.go:13.42,18.10 4 0
bitbucket.org/abdullah_irfan/gatesentryf/webserver/utils.go:19.35,20.76 1 0
bitbucket.org/abdullah_irfan/gatesentryf/webserver/utils.go:21.44,22.149 1 0
bitbucket.org/abdullah_irfan/gatesentryf/webserver/utils.go:23.47,24.66 1 0
bitbucket.org/abdullah_irfan/gatesentryf/webserver/utils.go:25.11,26.14 1 0
bitbucket.org/abdullah_irfan/gatesentryf/webserver/utils.go:31.2,31.20 1 1
bitbucket.org/abdullah_irfan/gatesentryf/webserver/utils.go:31.20,33.3 1 0
bitbucket.org/abdullah_irfan/gatesentryf/webserver/utils.go:35.2,35.12 1 1
bitbucket.org/abdullah_irfan/gatesentryf/webserver/utils.go:38.66,45.2 3 1
bitbucket.org/abdullah_irfan/gatesentryf/webserver/utils.go:47.56,50.2 2 1
bitbucket.org/abdullah_irfan/gatesentryf/webserver/webserver.go:41.51,53.2 3 0
bitbucket.org/abdullah_irfan/gatesentryf/webserver/webserver.go:55.116,56.94 1 0
bitbucket.org/abdullah_irfan/gatesentryf/webserver/webserver.go:56.94,58.3 1 0
bitbucket.org/abdullah_irfan/gatesentryf/webserver/webserver.go:59.2,59.14 1 0
bitbucket.org/abdullah_irfan/gatesentryf/webserver/webserver.go:62.89,65.9 2 0
bitbucket.org/abdullah_irfan/gatesentryf/webserver/webserver.go:65.9,69.3 3 0
bitbucket.org/abdullah_irfan/gatesentryf/webserver/webserver.go:70.2,71.16 2 0
bitbucket.org/abdullah_irfan/gatesentryf/webserver/webserver.go:71.16,75.3 3 0
bitbucket.org/abdullah_irfan/gatesentryf/webserver/webserver.go:76.2,77.70 2 0
bitbucket.org/abdullah_irfan/gatesentryf/webserver/webserver.go:81.88,82.71 1 0
bitbucket.org/abdullah_irfan/gatesentryf/webserver/webserver.go:82.71,85.48 2 0
bitbucket.org/abdullah_irfan/gatesentryf/webserver/webserver.go:85.48,87.4 1 0
bitbucket.org/abdullah_irfan/gatesentryf/webserver/webserver.go:88.3,88.24 1 0
bitbucket.org/abdullah_irfan/gatesentryf/webserver/webserver.go:88.24,91.4 2 0
bitbucket.org/abdullah_irfan/gatesentryf/webserver/webserver.go:93.3,93.84 1 0
bitbucket.org/abdullah_irfan/gatesentryf/webserver/webserver.go:93.84,96.59 1 0
bitbucket.org/abdullah_irfan/gatesentryf/webserver/webserver.go:96.59,98.5 1 0
bitbucket.org/abdullah_irfan/gatesentryf/webserver/webserver.go:100.4,100.32 1 0
bitbucket.org/abdullah_irfan/gatesentryf/webserver/webserver.go:103.3,103.68 1 0
bitbucket.org/abdullah_irfan/gatesentryf/webserver/webserver.go:103.68,107.4 3 0
bitbucket.org/abdullah_irfan/gatesentryf/webserver/webserver.go:107.9,110.4 2 0
bitbucket.org/abdullah_irfan/gatesentryf/webserver/webserver.go:114.86,116.9 2 0
bitbucket.org/abdullah_irfan/gatesentryf/webserver/webserver.go:116.9,119.3 2 0
bitbucket.org/abdullah_irfan/gatesentryf/webserver/webserver.go:120.2,125.69 2 0
bitbucket.org/abdullah_irfan/gatesentryf/webserver/webserver.go:128.81,130.17 2 0
bitbucket.org/abdullah_irfan/gatesentryf/webserver/webserver.go:130.17,133.3 2 0
bitbucket.org/abdullah_irfan/gatesentryf/webserver/webserver.go:134.2,135.15 2 0
bitbucket.org/abdullah_irfan/gatesentryf/webserver/webserver.go:142.37,148.102 2 0
bitbucket.org/abdullah_irfan/gatesentryf/webserver/webserver.go:148.102,150.52 2 0
bitbucket.org/abdullah_irfan/gatesentryf/webserver/webserver.go:150.52,154.4 3 0
bitbucket.org/abdullah_irfan/gatesentryf/webserver/webserver.go:155.3,155.59 1 0
bitbucket.org/abdullah_irfan/gatesentryf/webserver/webserver.go:155.59,162.4 2 0
bitbucket.org/abdullah_irfan/gatesentryf/webserver/webserver.go:163.3,164.46 2 0
bitbucket.org/abdullah_irfan/gatesentryf/webserver/webserver.go:167.2,167.96 1 0
bitbucket.org/abdullah_irfan/gatesentryf/webserver/webserver.go:167.96,170.3 2 0
bitbucket.org/abdullah_irfan/gatesentryf/webserver/webserver.go:172.2,174.108 2 0
bitbucket.org/abdullah_irfan/gatesentryf/webserver/webserver.go:174.108,177.3 2 0
bitbucket.org/abdullah_irfan/gatesentryf/webserver/webserver.go:178.2,178.113 1 0
bitbucket.org/abdullah_irfan/gatesentryf/webserver/webserver.go:178.113,183.3 4 0
bitbucket.org/abdullah_irfan/gatesentryf/webserver/webserver.go:184.2,184.114 1 0
bitbucket.org/abdullah_irfan/gatesentryf/webserver/webserver.go:184.114,192.3 7 0
bitbucket.org/abdullah_irfan/gatesentryf/webserver/webserver.go:194.2,194.114 1 0
bitbucket.org/abdullah_irfan/gatesentryf/webserver/webserver.go:194.114,199.3 4 0
bitbucket.org/abdullah_irfan/gatesentryf/webserver/webserver.go:201.2,201.115 1 0
bitbucket.org/abdullah_irfan/gatesentryf/webserver/webserver.go:201.115,206.17 5 0
bitbucket.org/abdullah_irfan/gatesentryf/webserver/webserver.go:206.17,209.4 2 0
bitbucket.org/abdullah_irfan/gatesentryf/webserver/webserver.go:210.3,211.22 2 0
bitbucket.org/abdullah_irfan/gatesentryf/webserver/webserver.go:214.2,214.106 1 0
bitbucket.org/abdullah_irfan/gatesentryf/webserver/webserver.go:214.106,217.3 2 0
bitbucket.org/abdullah_irfan/gatesentryf/webserver/webserver.go:219.2,219.106 1 0
bitbucket.org/abdullah_irfan/gatesentryf/webserver/webserver.go:219.106,222.17 3 0
bitbucket.org/abdullah_irfan/gatesentryf/webserver/webserver.go:222.17,225.4 2 0
bitbucket.org/abdullah_irfan/gatesentryf/webserver/webserver.go:226.3,228.19 3 0
bitbucket.org/abdullah_irfan/gatesentryf/webserver/webserver.go:231.2,231.120 1 0
bitbucket.org/abdullah_irfan/gatesentryf/webserver/webserver.go:231.120,237.3 5 0
bitbucket.org/abdullah_irfan/gatesentryf/webserver/webserver.go:239.2,239.107 1 0
bitbucket.org/abdullah_irfan/gatesentryf/webserver/webserver.go:239.107,242.17 3 0
bitbucket.org/abdullah_irfan/gatesentryf/webserver/webserver.go:242.17,245.4 2 0
bitbucket.org/abdullah_irfan/gatesentryf/webserver/webserver.go:246.3,248.19 3 0
bitbucket.org/abdullah_irfan/gatesentryf/webserver/webserver.go:251.2,251.112 1 0
bitbucket.org/abdullah_irfan/gatesentryf/webserver/webserver.go:251.112,255.3 3 0
bitbucket.org/abdullah_irfan/gatesentryf/webserver/webserver.go:257.2,257.113 1 0
bitbucket.org/abdullah_irfan/gatesentryf/webserver/webserver.go:257.113,260.17 3 0
bitbucket.org/abdullah_irfan/gatesentryf/webserver/webserver.go:260.17,262.4 1 0
bitbucket.org/abdullah_irfan/gatesentryf/webserver/webserver.go:263.3,264.22 2 0
bitbucket.org/abdullah_irfan/gatesentryf/webserver/webserver.go:267.2,267.100 1 0
bitbucket.org/abdullah_irfan/gatesentryf/webserver/webserver.go:267.100,271.24 3 0
bitbucket.org/abdullah_irfan/gatesentryf/webserver/webserver.go:271.24,275.4 3 0
bitbucket.org/abdullah_irfan/gatesentryf/webserver/webserver.go:277.3,278.22 2 0
bitbucket.org/abdullah_irfan/gatesentryf/webserver/webserver.go:281.2,281.119 1 0
bitbucket.org/abdullah_irfan/gatesentryf/webserver/webserver.go:281.119,285.3 3 0
bitbucket.org/abdullah_irfan/gatesentryf/webserver/webserver.go:287.2,287.120 1 0
bitbucket.org/abdullah_irfan/gatesentryf/webserver/webserver.go:287.120,290.17 3 0
bitbucket.org/abdullah_irfan/gatesentryf/webserver/webserver.go:290.17,293.4 2 0
bitbucket.org/abdullah_irfan/gatesentryf/webserver/webserver.go:294.3,295.22 2 0
bitbucket.org/abdullah_irfan/gatesentryf/webserver/webserver.go:298.2,298.107 1 0
bitbucket.org/abdullah_irfan/gatesentryf/webserver/webserver.go:298.107,303.3 4 0
bitbucket.org/abdullah_irfan/gatesentryf/webserver/webserver.go:305.2,305.107 1 0
bitbucket.org/abdullah_irfan/gatesentryf/webserver/webserver.go:305.107,308.3 2 0
bitbucket.org/abdullah_irfan/gatesentryf/webserver/webserver.go:310.2,310.112 1 0
bitbucket.org/abdullah_irfan/gatesentryf/webserver/webserver.go:310.112,313.3 2 0
bitbucket.org/abdullah_irfan/gatesentryf/webserver/webserver.go:315.2,315.118 1 0
bitbucket.org/abdullah_irfan/gatesentryf/webserver/webserver.go:315.118,320.3 4 0
bitbucket.org/abdullah_irfan/gatesentryf/webserver/webserver.go:322.2,337.43 8 0
